[    0.000000] Initializing cgroup subsys cpuset
[    0.000000] Initializing cgroup subsys cpu
[    0.000000] Initializing cgroup subsys cpuacct
[    0.000000] Linux version 4.4.0-157-generic (buildd@lgw01-amd64-037) (gcc version 5.4.0 20160609 (Ubuntu 5.4.0-6ubuntu1~16.04.10) ) #185-Ubuntu SMP Tue Jul 23 09:17:01 UTC 2019 (Ubuntu 4.4.0-157.185-generic 4.4.181)
[    0.000000] Command line: BOOT_IMAGE=/boot/vmlinuz-4.4.0-157-generic root=LABEL=cloudimg-rootfs ro console=tty1 console=ttyS0
[    0.000000] KERNEL supported cpus:
[    0.000000]   Intel GenuineIntel
[    0.000000]   AMD AuthenticAMD
[    0.000000]   Centaur CentaurHauls
[    0.000000] x86/fpu: xstate_offset[2]:  576, xstate_sizes[2]:  256
[    0.000000] x86/fpu: Supporting XSAVE feature 0x01: 'x87 floating point registers'
[    0.000000] x86/fpu: Supporting XSAVE feature 0x02: 'SSE registers'
[    0.000000] x86/fpu: Supporting XSAVE feature 0x04: 'AVX registers'
[    0.000000] x86/fpu: Enabled xstate features 0x7, context size is 832 bytes, using 'standard' format.
[    0.000000] e820: BIOS-provided physical RAM map:
[    0.000000] BIOS-e820: [mem 0x0000000000000000-0x000000000009fbff] usable
[    0.000000] BIOS-e820: [mem 0x000000000009fc00-0x000000000009ffff] reserved
[    0.000000] BIOS-e820: [mem 0x00000000000f0000-0x00000000000fffff] reserved
[    0.000000] BIOS-e820: [mem 0x0000000000100000-0x000000003ffeffff] usable
[    0.000000] BIOS-e820: [mem 0x000000003fff0000-0x000000003fffffff] ACPI data
[    0.000000] BIOS-e820: [mem 0x00000000fec00000-0x00000000fec00fff] reserved
[    0.000000] BIOS-e820: [mem 0x00000000fee00000-0x00000000fee00fff] reserved
[    0.000000] BIOS-e820: [mem 0x00000000fffc0000-0x00000000ffffffff] reserved
[    0.000000] NX (Execute Disable) protection: active
[    0.000000] SMBIOS 2.5 present.
[    0.000000] Hypervisor detected: KVM
[    0.000000] e820: last_pfn = 0x3fff0 max_arch_pfn = 0x400000000
[    0.000000] MTRR: Disabled
[    0.000000] x86/PAT: MTRRs disabled, skipping PAT initialization too.
[    0.000000] CPU MTRRs all blank - virtualized system.
[    0.000000] x86/PAT: Configuration [0-7]: WB  WT  UC- UC  WB  WT  UC- UC  
[    0.000000] found SMP MP-table at [mem 0x0009fff0-0x0009ffff] mapped at [ffff88000009fff0]
[    0.000000] Scanning 1 areas for low memory corruption
[    0.000000] RAMDISK: [mem 0x362fc000-0x37175fff]
[    0.000000] ACPI: Early table checksum verification disabled
[    0.000000] ACPI: RSDP 0x00000000000E0000 000024 (v02 VBOX  )
[    0.000000] ACPI: XSDT 0x000000003FFF0030 00003C (v01 VBOX   VBOXXSDT 00000001 ASL  00000061)
[    0.000000] ACPI: FACP 0x000000003FFF00F0 0000F4 (v04 VBOX   VBOXFACP 00000001 ASL  00000061)
[    0.000000] ACPI: DSDT 0x000000003FFF0470 0022EA (v02 VBOX   VBOXBIOS 00000002 INTL 20100528)
[    0.000000] ACPI: FACS 0x000000003FFF0200 000040
[    0.000000] ACPI: FACS 0x000000003FFF0200 000040
[    0.000000] ACPI: APIC 0x000000003FFF0240 00005C (v02 VBOX   VBOXAPIC 00000001 ASL  00000061)
[    0.000000] ACPI: SSDT 0x000000003FFF02A0 0001CC (v01 VBOX   VBOXCPUT 00000002 INTL 20100528)
[    0.000000] No NUMA configuration found
[    0.000000] Faking a node at [mem 0x0000000000000000-0x000000003ffeffff]
[    0.000000] NODE_DATA(0) allocated [mem 0x3ffeb000-0x3ffeffff]
[    0.000000] kvm-clock: Using msrs 4b564d01 and 4b564d00
[    0.000000] kvm-clock: cpu 0, msr 0:3ffe3001, primary cpu clock
[    0.000000] kvm-clock: using sched offset of 3621907051 cycles
[    0.000000] clocksource: kvm-clock: mask: 0xffffffffffffffff max_cycles: 0x1cd42e4dffb, max_idle_ns: 881590591483 ns
[    0.000000] Zone ranges:
[    0.000000]   DMA      [mem 0x0000000000001000-0x0000000000ffffff]
[    0.000000]   DMA32    [mem 0x0000000001000000-0x000000003ffeffff]
[    0.000000]   Normal   empty
[    0.000000]   Device   empty
[    0.000000] Movable zone start for each node
[    0.000000] Early memory node ranges
[    0.000000]   node   0: [mem 0x0000000000001000-0x000000000009efff]
[    0.000000]   node   0: [mem 0x0000000000100000-0x000000003ffeffff]
[    0.000000] Initmem setup node 0 [mem 0x0000000000001000-0x000000003ffeffff]
[    0.000000] ACPI: PM-Timer IO Port: 0x4008
[    0.000000] IOAPIC[0]: apic_id 2, version 32, address 0xfec00000, GSI 0-23
[    0.000000] ACPI: INT_SRC_OVR (bus 0 bus_irq 0 global_irq 2 dfl dfl)
[    0.000000] ACPI: INT_SRC_OVR (bus 0 bus_irq 9 global_irq 9 low level)
[    0.000000] Using ACPI (MADT) for SMP configuration information
[    0.000000] smpboot: Allowing 2 CPUs, 0 hotplug CPUs
[    0.000000] PM: Registered nosave memory: [mem 0x00000000-0x00000fff]
[    0.000000] PM: Registered nosave memory: [mem 0x0009f000-0x0009ffff]
[    0.000000] PM: Registered nosave memory: [mem 0x000a0000-0x000effff]
[    0.000000] PM: Registered nosave memory: [mem 0x000f0000-0x000fffff]
[    0.000000] e820: [mem 0x40000000-0xfebfffff] available for PCI devices
[    0.000000] Booting paravirtualized kernel on KVM
[    0.000000] clocksource: refined-jiffies: mask: 0xffffffff max_cycles: 0xffffffff, max_idle_ns: 7645519600211568 ns
[    0.000000] setup_percpu: NR_CPUS:512 nr_cpumask_bits:512 nr_cpu_ids:2 nr_node_ids:1
[    0.000000] PERCPU: Embedded 34 pages/cpu @ffff88003fc00000 s99544 r8192 d31528 u1048576
[    0.000000] Built 1 zonelists in Node order, mobility grouping on.  Total pages: 257912
[    0.000000] Policy zone: DMA32
[    0.000000] Kernel command line: BOOT_IMAGE=/boot/vmlinuz-4.4.0-157-generic root=LABEL=cloudimg-rootfs ro console=tty1 console=ttyS0
[    0.000000] PID hash table entries: 4096 (order: 3, 32768 bytes)
[    0.000000] Memory: 997736K/1048120K available (8618K kernel code, 1335K rwdata, 4032K rodata, 1484K init, 1284K bss, 50384K reserved, 0K cma-reserved)
[    0.000000] SLUB: HWalign=64, Order=0-3, MinObjects=0, CPUs=2, Nodes=1
[    0.000000] Kernel/User page tables isolation: enabled
[    0.000000] Hierarchical RCU implementation.
[    0.000000] 	Build-time adjustment of leaf fanout to 64.
[    0.000000] 	RCU restricting CPUs from NR_CPUS=512 to nr_cpu_ids=2.
[    0.000000] RCU: Adjusting geometry for rcu_fanout_leaf=64, nr_cpu_ids=2
[    0.000000] NR_IRQS:33024 nr_irqs:440 16
[    0.000000] Console: colour VGA+ 80x25
[    0.000000] console [tty1] enabled
[    0.000000] console [ttyS0] enabled
[    0.000000] tsc: Detected 2711.994 MHz processor
[    0.206357] Calibrating delay loop (skipped) preset value.. 5423.98 BogoMIPS (lpj=10847976)
[    0.208820] pid_max: default: 32768 minimum: 301
[    0.210169] ACPI: Core revision 20150930
[    0.213616] ACPI: 2 ACPI AML tables successfully acquired and loaded
[    0.215471] Security Framework initialized
[    0.216694] Yama: becoming mindful.
[    0.217816] AppArmor: AppArmor initialized
[    0.219216] Dentry cache hash table entries: 131072 (order: 8, 1048576 bytes)
[    0.224385] Inode-cache hash table entries: 65536 (order: 7, 524288 bytes)
[    0.226358] Mount-cache hash table entries: 2048 (order: 2, 16384 bytes)
[    0.228099] Mountpoint-cache hash table entries: 2048 (order: 2, 16384 bytes)
[    0.230071] Initializing cgroup subsys io
[    0.231245] Initializing cgroup subsys memory
[    0.232517] Initializing cgroup subsys devices
[    0.233916] Initializing cgroup subsys freezer
[    0.235243] Initializing cgroup subsys net_cls
[    0.236471] Initializing cgroup subsys perf_event
[    0.237884] Initializing cgroup subsys net_prio
[    0.239255] Initializing cgroup subsys hugetlb
[    0.240574] Initializing cgroup subsys pids
[    0.243592] mce: CPU supports 0 MCE banks
[    0.244731] Last level iTLB entries: 4KB 64, 2MB 8, 4MB 8
[    0.246249] Last level dTLB entries: 4KB 64, 2MB 0, 4MB 0, 1GB 4
[    0.247659] Spectre V2 : Mitigation: Full generic retpoline
[    0.248985] Spectre V2 : Spectre v2 / SpectreRSB mitigation: Filling RSB on context switch
[    0.251139] Speculative Store Bypass: Vulnerable
[    0.252453] MDS: Vulnerable: Clear CPU buffers attempted, no microcode
[    0.257708] Freeing SMP alternatives memory: 36K
[    0.266159] ftrace: allocating 32312 entries in 127 pages
[    0.342821] smpboot: APIC(0) Converting physical 0 to logical package 0
[    0.344587] smpboot: Max logical packages: 1
[    0.346268] x2apic enabled
[    0.347522] Switched APIC routing to physical x2apic.
[    0.350547] ..TIMER: vector=0x30 apic1=0 pin1=2 apic2=-1 pin2=-1
[    0.458286] smpboot: CPU0: Intel(R) Core(TM) i5-7200U CPU @ 2.50GHz (family: 0x6, model: 0x8e, stepping: 0x9)
[    0.461387] Performance Events: unsupported p6 CPU model 142 no PMU driver, software events only.
[    0.476412] KVM setup paravirtual spinlock
[    0.478385] x86: Booting SMP configuration:
[    0.479770] .... node  #0, CPUs:      #1
[    0.481481] kvm-clock: cpu 1, msr 0:3ffe3041, secondary cpu clock
[    0.484670] mce: CPU supports 0 MCE banks
[    0.487488] x86: Booted up 1 node, 2 CPUs
[    0.488859] smpboot: Total of 2 processors activated (10847.97 BogoMIPS)
[    0.490941] devtmpfs: initialized
[    0.495572] evm: security.selinux
[    0.496867] evm: security.SMACK64
[    0.497984] evm: security.SMACK64EXEC
[    0.499051] evm: security.SMACK64TRANSMUTE
[    0.500183] evm: security.SMACK64MMAP
[    0.501327] evm: security.ima
[    0.502274] evm: security.capability
[    0.503614] clocksource: jiffies: mask: 0xffffffff max_cycles: 0xffffffff, max_idle_ns: 7645041785100000 ns
[    0.507364] futex hash table entries: 512 (order: 3, 32768 bytes)
[    0.509497] pinctrl core: initialized pinctrl subsystem
[    0.511615] RTC time: 11:28:24, date: 08/02/19
[    0.513651] NET: Registered protocol family 16
[    0.526533] cpuidle: using governor ladder
[    0.538242] cpuidle: using governor menu
[    0.539759] PCCT header not found.
[    0.541243] ACPI: bus type PCI registered
[    0.542787] acpiphp: ACPI Hot Plug PCI Controller Driver version: 0.5
[    0.545023] PCI: Using configuration type 1 for base access
[    0.558655] ACPI: Added _OSI(Module Device)
[    0.560973] ACPI: Added _OSI(Processor Device)
[    0.562633] ACPI: Added _OSI(3.0 _SCP Extensions)
[    0.564308] ACPI: Added _OSI(Processor Aggregator Device)
[    0.567032] ACPI: Executed 1 blocks of module-level executable AML code
[    0.572106] ACPI: Interpreter enabled
[    0.573724] ACPI: (supports S0 S5)
[    0.575330] ACPI: Using IOAPIC for interrupt routing
[    0.577559] PCI: Using host bridge windows from ACPI; if necessary, use "pci=nocrs" and report a bug
[    0.586061] ACPI: PCI Root Bridge [PCI0] (domain 0000 [bus 00-ff])
[    0.588459] acpi PNP0A03:00: _OSC: OS supports [ASPM ClockPM Segments MSI]
[    0.591537] acpi PNP0A03:00: _OSC: not requesting OS control; OS requires [ExtendedConfig ASPM ClockPM MSI]
[    0.595217] acpi PNP0A03:00: fail to add MMCONFIG information, can't access extended PCI configuration space under this bridge.
[    0.599307] PCI host bridge to bus 0000:00
[    0.600864] pci_bus 0000:00: root bus resource [io  0x0000-0x0cf7 window]
[    0.603499] pci_bus 0000:00: root bus resource [io  0x0d00-0xffff window]
[    0.605588] pci_bus 0000:00: root bus resource [mem 0x000a0000-0x000bffff window]
[    0.608707] pci_bus 0000:00: root bus resource [mem 0x40000000-0xfdffffff window]
[    0.611844] pci_bus 0000:00: root bus resource [bus 00-ff]
[    0.615555] pci 0000:00:01.1: legacy IDE quirk: reg 0x10: [io  0x01f0-0x01f7]
[    0.617279] pci 0000:00:01.1: legacy IDE quirk: reg 0x14: [io  0x03f6]
[    0.618789] pci 0000:00:01.1: legacy IDE quirk: reg 0x18: [io  0x0170-0x0177]
[    0.620404] pci 0000:00:01.1: legacy IDE quirk: reg 0x1c: [io  0x0376]
[    0.644490] pci 0000:00:07.0: quirk: [io  0x4000-0x403f] claimed by PIIX4 ACPI
[    0.661468] pci 0000:00:07.0: quirk: [io  0x4100-0x410f] claimed by PIIX4 SMB
[    0.678727] ACPI: PCI Interrupt Link [LNKA] (IRQs 5 9 10 *11)
[    0.681141] ACPI: PCI Interrupt Link [LNKB] (IRQs 5 9 *10 11)
[    0.683342] ACPI: PCI Interrupt Link [LNKC] (IRQs 5 *9 10 11)
[    0.685622] ACPI: PCI Interrupt Link [LNKD] (IRQs 5 9 10 *11)
[    0.687934] ACPI: Enabled 2 GPEs in block 00 to 07
[    0.689903] vgaarb: setting as boot device: PCI:0000:00:02.0
[    0.691234] vgaarb: device added: PCI:0000:00:02.0,decodes=io+mem,owns=io+mem,locks=none
[    0.693286] vgaarb: loaded
[    0.694115] vgaarb: bridge control possible 0000:00:02.0
[    0.695802] SCSI subsystem initialized
[    0.697020] ACPI: bus type USB registered
[    0.698265] usbcore: registered new interface driver usbfs
[    0.699848] usbcore: registered new interface driver hub
[    0.701430] usbcore: registered new device driver usb
[    0.703346] PCI: Using ACPI for IRQ routing
[    0.705048] NetLabel: Initializing
[    0.706106] NetLabel:  domain hash size = 128
[    0.707308] NetLabel:  protocols = UNLABELED CIPSOv4
[    0.711827] NetLabel:  unlabeled traffic allowed by default
[    0.713626] amd_nb: Cannot enumerate AMD northbridges
[    0.714955] clocksource: Switched to clocksource kvm-clock
[    0.728391] AppArmor: AppArmor Filesystem Enabled
[    0.729753] pnp: PnP ACPI init
[    0.731599] pnp: PnP ACPI: found 3 devices
[    0.743621] clocksource: acpi_pm: mask: 0xffffff max_cycles: 0xffffff, max_idle_ns: 2085701024 ns
[    0.746143] NET: Registered protocol family 2
[    0.747551] TCP established hash table entries: 8192 (order: 4, 65536 bytes)
[    0.749416] TCP bind hash table entries: 8192 (order: 5, 131072 bytes)
[    0.751240] TCP: Hash tables configured (established 8192 bind 8192)
[    0.752941] UDP hash table entries: 512 (order: 2, 16384 bytes)
[    0.754475] UDP-Lite hash table entries: 512 (order: 2, 16384 bytes)
[    0.756246] NET: Registered protocol family 1
[    0.757493] pci 0000:00:00.0: Limiting direct PCI/PCI transfers
[    0.759061] pci 0000:00:01.0: Activating ISA DMA hang workarounds
[    0.760826] Unpacking initramfs...
[    1.035089] Freeing initrd memory: 14824K
[    1.036381] clocksource: tsc: mask: 0xffffffffffffffff max_cycles: 0x27178096781, max_idle_ns: 440795249729 ns
[    1.039130] platform rtc_cmos: registered platform RTC device (no PNP device found)
[    1.042535] Scanning for low memory corruption every 60 seconds
[    1.044710] audit: initializing netlink subsys (disabled)
[    1.046157] audit: type=2000 audit(1564745309.940:1): initialized
[    1.048061] Initialise system trusted keyring
[    1.049714] HugeTLB registered 2 MB page size, pre-allocated 0 pages
[    1.052786] zbud: loaded
[    1.054139] VFS: Disk quotas dquot_6.6.0
[    1.055427] VFS: Dquot-cache hash table entries: 512 (order 0, 4096 bytes)
[    1.057424] squashfs: version 4.0 (2009/01/31) Phillip Lougher
[    1.059370] fuse init (API version 7.23)
[    1.060683] Key type big_key registered
[    1.061833] Allocating IMA MOK and blacklist keyrings.
[    1.066440] Key type asymmetric registered
[    1.067804] Asymmetric key parser 'x509' registered
[    1.069234] Block layer SCSI generic (bsg) driver version 0.4 loaded (major 249)
[    1.071574] io scheduler noop registered
[    1.072703] io scheduler deadline registered (default)
[    1.074240] io scheduler cfq registered
[    1.075597] pci_hotplug: PCI Hot Plug PCI Core version: 0.5
[    1.077165] pciehp: PCI Express Hot Plug Controller Driver version: 0.4
[    1.078948] ACPI: AC Adapter [AC] (on-line)
[    1.080264] input: Power Button as /devices/LNXSYSTM:00/LNXPWRBN:00/input/input0
[    1.082357] ACPI: Power Button [PWRF]
[    1.083559] input: Sleep Button as /devices/LNXSYSTM:00/LNXSLPBN:00/input/input1
[    1.085712] ACPI: Sleep Button [SLPF]
[    1.087907] ACPI: Battery Slot [BAT0] (battery present)
[    1.089308] GHES: HEST is not enabled!
[    1.090537] Serial: 8250/16550 driver, 32 ports, IRQ sharing enabled
[    1.112955] 00:02: ttyS0 at I/O 0x3f8 (irq = 4, base_baud = 115200) is a 16550A
[    1.116254] Linux agpgart interface v0.103
[    1.119901] loop: module loaded
[    1.121745] scsi host0: ata_piix
[    1.123075] scsi host1: ata_piix
[    1.124196] ata1: PATA max UDMA/33 cmd 0x1f0 ctl 0x3f6 bmdma 0xd000 irq 14
[    1.125948] ata2: PATA max UDMA/33 cmd 0x170 ctl 0x376 bmdma 0xd008 irq 15
[    1.127921] libphy: Fixed MDIO Bus: probed
[    1.129390] tun: Universal TUN/TAP device driver, 1.6
[    1.130767] tun: (C) 1999-2004 Max Krasnyansky <maxk@qualcomm.com>
[    1.132615] PPP generic driver version 2.4.2
[    1.133919] ehci_hcd: USB 2.0 'Enhanced' Host Controller (EHCI) Driver
[    1.135765] ehci-pci: EHCI PCI platform driver
[    1.137127] ehci-platform: EHCI generic platform driver
[    1.138543] ohci_hcd: USB 1.1 'Open' Host Controller (OHCI) Driver
[    1.140278] ohci-pci: OHCI PCI platform driver
[    1.141592] ohci-platform: OHCI generic platform driver
[    1.143016] uhci_hcd: USB Universal Host Controller Interface driver
[    1.144763] i8042: PNP: PS/2 Controller [PNP0303:PS2K,PNP0f03:PS2M] at 0x60,0x64 irq 1,12
[    1.147624] serio: i8042 KBD port at 0x60,0x64 irq 1
[    1.148990] serio: i8042 AUX port at 0x60,0x64 irq 12
[    1.150528] mousedev: PS/2 mouse device common for all mice
[    1.152673] rtc_cmos rtc_cmos: rtc core: registered rtc_cmos as rtc0
[    1.154293] rtc_cmos rtc_cmos: alarms up to one day, 114 bytes nvram
[    1.155832] i2c /dev entries driver
[    1.156923] device-mapper: uevent: version 1.0.3
[    1.158159] input: AT Translated Set 2 keyboard as /devices/platform/i8042/serio0/input/input2
[    1.161324] device-mapper: ioctl: 4.34.0-ioctl (2015-10-28) initialised: dm-devel@redhat.com
[    1.163758] ledtrig-cpu: registered to indicate activity on CPUs
[    1.165915] NET: Registered protocol family 10
[    1.167531] NET: Registered protocol family 17
[    1.168795] Key type dns_resolver registered
[    1.170254] registered taskstats version 1
[    1.171491] Loading compiled-in X.509 certificates
[    1.173407] Loaded X.509 cert 'Build time autogenerated kernel key: 3e01e6df98386236d59670e6b2ed19a044d5324e'
[    1.176387] zswap: loaded using pool lzo/zbud
[    1.180100] Key type trusted registered
[    1.185989] Key type encrypted registered
[    1.187176] AppArmor: AppArmor sha1 policy hashing enabled
[    1.188621] ima: No TPM chip found, activating TPM-bypass!
[    1.190085] ima: Allocated hash algorithm: sha1
[    1.191383] evm: HMAC attrs: 0x1
[    1.193003]   Magic number: 15:253:478
[    1.194169] rtc rtc0: hash matches
[    1.195430] rtc_cmos rtc_cmos: setting system clock to 2019-08-02 11:28:24 UTC (1564745304)
[    1.197906] BIOS EDD facility v0.16 2004-Jun-25, 0 devices found
[    1.199541] EDD information not available.
[    1.289632] Freeing unused kernel memory: 1484K
[    1.291242] Write protecting the kernel read-only data: 14336k
[    1.293851] Freeing unused kernel memory: 1612K
[    1.295804] Freeing unused kernel memory: 64K
Loading, please wait...
starting version 229
[    1.316700] random: systemd-udevd: uninitialized urandom read (16 bytes read, 3 bits of entropy available)
[    1.318108] random: udevadm: uninitialized urandom read (16 bytes read, 3 bits of entropy available)
[    1.318148] random: udevadm: uninitialized urandom read (16 bytes read, 3 bits of entropy available)
[    1.324720] random: systemd-udevd: uninitialized urandom read (16 bytes read, 3 bits of entropy available)
[    1.327162] random: systemd-udevd: uninitialized urandom read (16 bytes read, 3 bits of entropy available)
[    1.329676] random: systemd-udevd: uninitialized urandom read (16 bytes read, 3 bits of entropy available)
[    1.331261] random: udevadm: uninitialized urandom read (16 bytes read, 3 bits of entropy available)
[    1.331305] random: udevadm: uninitialized urandom read (16 bytes read, 3 bits of entropy available)
[    1.331459] random: udevadm: uninitialized urandom read (16 bytes read, 3 bits of entropy available)
[    1.331511] random: udevadm: uninitialized urandom read (16 bytes read, 3 bits of entropy available)
[    1.384734] e1000: Intel(R) PRO/1000 Network Driver - version 7.3.21-k8-NAPI
[    1.386514] e1000: Copyright (c) 1999-2006 Intel Corporation.
[    1.395739] Fusion MPT base driver 3.04.20
[    1.396877] Copyright (c) 1999-2008 LSI Corporation
[    1.411794] AVX2 version of gcm_enc/dec engaged.
[    1.412991] AES CTR mode by8 optimization enabled
[    1.423965] Fusion MPT SPI Host driver 3.04.20
[    1.596647] input: ImExPS/2 Generic Explorer Mouse as /devices/platform/i8042/serio1/input/input4
[    1.829353] e1000 0000:00:03.0 eth0: (PCI:33MHz:32-bit) 02:c2:66:bb:16:6d
[    1.831124] e1000 0000:00:03.0 eth0: Intel(R) PRO/1000 Network Connection
[    1.833741] mptbase: ioc0: Initiating bringup
[    1.896016] ioc0: LSI53C1030 A0: Capabilities={Initiator}
[    2.057738] scsi host2: ioc0: LSI53C1030 A0, FwRev=00000000h, Ports=1, MaxQ=256, IRQ=20
[    2.171792] scsi 2:0:0:0: Direct-Access     VBOX     HARDDISK         1.0  PQ: 0 ANSI: 5
[    2.175522] scsi target2:0:0: Beginning Domain Validation
[    2.180288] scsi target2:0:0: Domain Validation skipping write tests
[    2.181967] scsi target2:0:0: Ending Domain Validation
[    2.183348] scsi target2:0:0: asynchronous
[    2.184848] scsi 2:0:1:0: Direct-Access     VBOX     HARDDISK         1.0  PQ: 0 ANSI: 5
[    2.186977] scsi target2:0:1: Beginning Domain Validation
[    2.189331] scsi target2:0:1: Domain Validation skipping write tests
[    2.190870] scsi target2:0:1: Ending Domain Validation
[    2.192211] scsi target2:0:1: asynchronous
[    2.203966] sd 2:0:0:0: Attached scsi generic sg0 type 0
[    2.206304] sd 2:0:0:0: [sda] 20971520 512-byte logical blocks: (10.7 GB/10.0 GiB)
[    2.226543] sd 2:0:1:0: [sdb] 20480 512-byte logical blocks: (10.5 MB/10.0 MiB)
[    2.229317] sd 2:0:1:0: Attached scsi generic sg1 type 0
[    2.231527] sd 2:0:1:0: [sdb] Write Protect is off
[    2.233414] sd 2:0:0:0: [sda] Write Protect is off
[    2.235405] sd 2:0:1:0: [sdb] Incomplete mode parameter data
[    2.237546] sd 2:0:1:0: [sdb] Assuming drive cache: write through
[    2.240366] sd 2:0:0:0: [sda] Incomplete mode parameter data
[    2.242575] sd 2:0:0:0: [sda] Assuming drive cache: write through
[    2.249678]  sda: sda1
[    2.251905] sd 2:0:1:0: [sdb] Attached SCSI disk
[    2.254130] sd 2:0:0:0: [sda] Attached SCSI disk
[    2.565758] e1000 0000:00:08.0 eth1: (PCI:33MHz:32-bit) 08:00:27:34:66:22
[    2.568280] e1000 0000:00:08.0 eth1: Intel(R) PRO/1000 Network Connection
[    2.571950] e1000 0000:00:08.0 enp0s8: renamed from eth1
[    2.583675] e1000 0000:00:03.0 enp0s3: renamed from eth0
Begin: Loading essential drivers ... [    4.120051] md: linear personality registered for level -1
[    4.123959] md: multipath personality registered for level -4
[    4.127871] md: raid0 personality registered for level 0
[    4.132861] md: raid1 personality registered for level 1
[    4.203939] raid6: sse2x1   gen()  8165 MB/s
[    4.271237] raid6: sse2x1   xor()  6452 MB/s
[    4.339060] raid6: sse2x2   gen() 12477 MB/s
[    4.415552] raid6: sse2x2   xor()  8253 MB/s
[    4.483040] raid6: sse2x4   gen()  8619 MB/s
[    4.551344] raid6: sse2x4   xor()  9792 MB/s
[    4.619661] raid6: avx2x1   gen() 20295 MB/s
[    4.686981] raid6: avx2x2   gen() 22041 MB/s
[    4.755373] raid6: avx2x4   gen() 25244 MB/s
[    4.756541] raid6: using algorithm avx2x4 gen() 25244 MB/s
[    4.757935] raid6: using avx2x2 recovery algorithm
[    4.760735] xor: automatically using best checksumming function:
[    4.799295]    avx       : 23640.000 MB/sec
[    4.801897] async_tx: api initialized (async)
[    4.813010] md: raid6 personality registered for level 6
[    4.816179] md: raid5 personality registered for level 5
[    4.817618] md: raid4 personality registered for level 4
[    4.826092] md: raid10 personality registered for level 10
done.
Begin: Running /scripts/init-premount ... done.
Begin: Mounting root file system ... Begin: Running /scripts/local-top ... done.
Begin: Running /scripts/local-premount ... [    4.863840] Btrfs loaded
Scanning for Btrfs filesystems
done.
Warning: fsck not present, so skipping root file system
[    4.903462] EXT4-fs (sda1): mounted filesystem with ordered data mode. Opts: (null)
done.
Begin: Running /scripts/local-bottom ... done.
Begin: Running /scripts/init-bottom ... done.
[    5.033370] systemd[1]: systemd 229 running in system mode. (+PAM +AUDIT +SELINUX +IMA +APPARMOR +SMACK +SYSVINIT +UTMP +LIBCRYPTSETUP +GCRYPT +GNUTLS +ACL +XZ -LZ4 +SECCOMP +BLKID +ELFUTILS +KMOD -IDN)
[    5.037969] systemd[1]: Detected virtualization oracle.
[    5.039364] systemd[1]: Detected architecture x86-64.

Welcome to [1mUbuntu 16.04.6 LTS[0m!

[    5.045131] systemd[1]: Set hostname to <ubuntu>.
[    5.049833] systemd[1]: Initializing machine ID from random generator.
[    5.052397] systemd[1]: Installed transient /etc/machine-id file.
[    5.225896] systemd[1]: Reached target Swap.
[[0;32m  OK  [0m] Reached target Swap.
[    5.228095] systemd[1]: Listening on LVM2 poll daemon socket.
[[0;32m  OK  [0m] Listening on LVM2 poll daemon socket.
[    5.230752] systemd[1]: Reached target Encrypted Volumes.
[[0;32m  OK  [0m] Reached target Encrypted Volumes.
[    5.233559] systemd[1]: Created slice User and Session Slice.
[[0;32m  OK  [0m] Created slice User and Session Slice.
[    5.236170] systemd[1]: Listening on Device-mapper event daemon FIFOs.
[[0;32m  OK  [0m] Listening on Device-mapper event daemon FIFOs.
[    5.369796] systemd[1]: Listening on udev Kernel Socket.
[[0;32m  OK  [0m] Listening on udev Kernel Socket.
[    5.388597] systemd[1]: Listening on Journal Socket.
[[0;32m  OK  [0m] Listening on Journal Socket.
[    5.933407] systemd[1]: Started Trigger resolvconf update for networkd DNS.
[[0;32m  OK  [0m] Started Trigger resolvconf update for networkd DNS.
[    5.936748] systemd[1]: Listening on LVM2 metadata daemon socket.
[[0;32m  OK  [0m] Listening on LVM2 metadata daemon socket.
[    6.036618] systemd[1]: Listening on Journal Socket (/dev/log).
[[0;32m  OK  [0m] Listening on Journal Socket (/dev/log).
[    6.039999] systemd[1]: Listening on udev Control Socket.
[[0;32m  OK  [0m] Listening on udev Control Socket.
[    6.042778] systemd[1]: Reached target User and Group Name Lookups.
[[0;32m  OK  [0m] Reached target User and Group Name Lookups.
[    6.060174] systemd[1]: Started Forward Password Requests to Wall Directory Watch.
[[0;32m  OK  [0m] Started Forward Password Requests to Wall Directory Watch.
[    6.064277] systemd[1]: Reached target System Time Synchronized.
[[0;32m  OK  [0m] Reached target System Time Synchronized.
[    6.072900] systemd[1]: Created slice System Slice.
[[0;32m  OK  [0m] Created slice System Slice.
[    6.355703] systemd[1]: Mounting Huge Pages File System...
         Mounting Huge Pages File System...
[    6.360021] systemd[1]: Starting Create list of required static device nodes for the current kernel...
         Starting Create list of required st... nodes for the current kernel...
[    6.366567] systemd[1]: Starting Remount Root and Kernel File Systems...
         Starting Remount Root and Kernel File Systems...
[    6.373123] systemd[1]: Mounting Debug File System...
         Mounting Debug File System...
[    6.376715] EXT4-fs (sda1): re-mounted. Opts: (null)
[    6.379114] systemd[1]: Created slice system-serial\x2dgetty.slice.
[[0;32m  OK  [0m] Created slice system-serial\x2dgetty.slice.
[    6.383422] systemd[1]: Starting Nameserver information manager...
         Starting Nameserver information manager...
[    6.387739] systemd[1]: Mounting POSIX Message Queue File System...
         Mounting POSIX Message Queue File System...
[    6.392418] systemd[1]: Reached target Slices.
[[0;32m  OK  [0m] Reached target Slices.
[    6.398191] systemd[1]: Starting Load Kernel Modules...
         Starting Load Kernel Modules...
[    6.402454] systemd[1]: Starting Set console keymap...
         Starting Set console keymap...
[    6.410818] systemd[1]: Starting Uncomplicated firewall...
         Starting Uncomplicated firewall...
[    6.415612] systemd[1]: Starting Monitoring of LVM2 mirrors, snapshots etc. using dmeventd or progress polling...
         Starting Monitoring of LVM2 mirrors... dmeventd or progress polling...
[    6.421643] systemd[1]: Set up automount Arbitrary Executable File Formats File System Automount Point.
[[0;32m  OK  [0m] Set up automount Arbitrary Executab...ats File System Automount Point.
[    6.432545] Loading iSCSI transport class v2.0-870.
[    6.435112] systemd[1]: Listening on Journal Audit Socket.
[[0;32m  OK  [0m] Listening on Journal Audit Socket.
[    6.439726] systemd[1]: Listening on Syslog Socket.
[[0;32m  OK  [0m] Listening on Syslog Socket.
[    6.451348] iscsi: registered transport (tcp)
[    6.463513] systemd[1]: Starting Journal Service...
         Starting Journal Service...
[    6.465865] systemd[1]: Listening on /dev/initctl Compatibility Named Pipe.
[[0;32m  OK  [0m] Listening on /dev/initctl Compatibility Named Pipe.
[    6.476244] systemd[1]: Mounted Huge Pages File System.
[[0;32m  OK  [0m] Mounted Huge Pages File System.
[    6.479516] systemd[1]: Mounted Debug File System.
[[0;32m  OK  [0m] Mounted Debug File System.
[    6.482247] systemd[1]: Mounted POSIX Message Queue File System.
[[0;32m  OK  [0m] Mounted POSIX Message Queue File System.
[    6.486062] systemd[1]: Started Create list of required static device nodes for the current kernel.
[[0;32m  OK  [0m] Started Create list of required sta...ce nodes for the current kernel.
[    6.493088] systemd[1]: Started Remount Root and Kernel File Systems.
[[0;32m  OK  [0m] Started Remount Root and Kernel File Systems.
[    6.514301] iscsi: registered transport (iser)
[    6.517042] systemd[1]: Started Uncomplicated firewall.
[[0;32m  OK  [0m] Started Uncomplicated firewall.
[    6.520935] systemd[1]: Started Journal Service.
[[0;32m  OK  [0m] Started Journal Service.
[[0;32m  OK  [0m] Started Load Kernel Modules.
[[0;32m  OK  [0m] Started Nameserver information manager.
[[0;32m  OK  [0m] Started Set console keymap.
         Starting Apply Kernel Variables...
         Mounting FUSE Control File System...
[[0;32m  OK  [0m] Started LVM2 metadata daemon.
         Starting Load/Save Random Seed...
         Starting udev Coldplug all Devices...
         Starting Flush Journal to Persistent Storage...
         Starting Create Static Device Nodes in /dev...
[[0;32m  OK  [0m] Mounted FUSE Control File System.
[[0;32m  OK  [0m] Started Load/Save Random Seed.
[[0;32m  OK  [0m] Started Apply Kernel Variables.
[[0;32m  OK  [0m] Started Create Static Device Nodes in /dev.
[[0;32m  OK  [0m] Started udev Coldplug all Devices.
[[0;32m  OK  [0m] Started Flush Journal to Persistent Storage.
         Starting udev Kernel Device Manager...
[[0;32m  OK  [0m] Started Monitoring of LVM2 mirrors,...ng dmeventd or progress polling.
[[0;32m  OK  [0m] Reached target Local File Systems (Pre).
[[0;32m  OK  [0m] Reached target Local File Systems.
         Starting Commit a transient machine-id on disk...
         Starting Create Volatile Files and Directories...
         Starting Tell Plymouth To Write Out Runtime Data...
         Starting LSB: AppArmor initialization...
         Starting Initial cloud-init job (pre-networking)...
         Starting Set console font and keymap...
[[0;32m  OK  [0m] Started Create Volatile Files and Directories.
[[0;32m  OK  [0m] Started udev Kernel Device Manager.
[[0;32m  OK  [0m] Started Tell Plymouth To Write Out Runtime Data.
[[0;32m  OK  [0m] Started Commit a transient machine-id on disk.
[[0;32m  OK  [0m] Started Dispatch Password Requests to Console Directory Watch.
         Starting Update UTMP about System Boot/Shutdown...
[[0;32m  OK  [0m] Started Update UTMP about System Boot/Shutdown.
[[0;32m  OK  [0m] Found device /dev/ttyS0.
[[0;32m  OK  [0m] Listening on Load/Save RF Kill Switch Status /dev/rfkill Watch.
[    8.640201] cloud-init[480]: Cloud-init v. 19.1-1-gbaa47854-0ubuntu1~16.04.1 running 'init-local' at Fri, 02 Aug 2019 11:28:31 +0000. Up 7.83 seconds.
[[0;32m  OK  [0m] Started Initial cloud-init job (pre-networking).
[[0;32m  OK  [0m] Reached target Network (Pre).
[[0;32m  OK  [0m] Started LSB: AppArmor initialization.
         Starting Raise network interfaces...
[[0;32m  OK  [0m] Started Set console font and keymap.
[[0;32m  OK  [0m] Created slice system-getty.slice.
[[0;32m  OK  [0m] Started Raise network interfaces.
[[0;32m  OK  [0m] Reached target Network.
         Starting Initial cloud-init job (metadata service crawler)...
[   11.101898] cloud-init[969]: Cloud-init v. 19.1-1-gbaa47854-0ubuntu1~16.04.1 running 'init' at Fri, 02 Aug 2019 11:28:34 +0000. Up 10.34 seconds.
[   11.104652] cloud-init[969]: ci-info: ++++++++++++++++++++++++++++++++++++++Net device info+++++++++++++++++++++++++++++++++++++++
[   11.106822] cloud-init[969]: ci-info: +--------+-------+----------------------------+---------------+--------+-------------------+
[   11.108874] cloud-init[969]: ci-info: | Device |   Up  |          Address           |      Mask     | Scope  |     Hw-Address    |
[   11.117259] cloud-init[969]: ci-info: +--------+-------+----------------------------+---------------+--------+-------------------+
[   11.119585] cloud-init[969]: ci-info: | enp0s3 |  True |         10.0.2.15          | 255.255.255.0 | global | 02:c2:66:bb:16:6d |
[   11.121904] cloud-init[969]: ci-info: | enp0s3 |  True | fe80::c2:66ff:febb:166d/64 |       .       |  link  | 02:c2:66:bb:16:6d |
[   11.123681] cloud-init[969]: ci-info: | enp0s8 | False |             .              |       .       |   .    | 08:00:27:34:66:22 |
[   11.132890] cloud-init[969]: ci-info: |   lo   |  True |         127.0.0.1          |   255.0.0.0   |  host  |         .         |
[   11.136163] cloud-init[969]: ci-info: |   lo   |  True |          ::1/128           |       .       |  host  |         .         |
[   11.139692] cloud-init[969]: ci-info: +--------+-------+----------------------------+---------------+--------+-------------------+
[   11.148776] cloud-init[969]: ci-info: +++++++++++++++++++++++++++Route IPv4 info++++++++++++++++++++++++++++
[   11.152424] cloud-init[969]: ci-info: +-------+-------------+----------+---------------+-----------+-------+
[   11.154568] cloud-init[969]: ci-info: | Route | Destination | Gateway  |    Genmask    | Interface | Flags |
[   11.158833] cloud-init[969]: ci-info: +-------+-------------+----------+---------------+-----------+-------+
[   11.169023] cloud-init[969]: ci-info: |   0   |   0.0.0.0   | 10.0.2.2 |    0.0.0.0    |   enp0s3  |   UG  |
[   11.171662] cloud-init[969]: ci-info: |   1   |   10.0.2.0  | 0.0.0.0  | 255.255.255.0 |   enp0s3  |   U   |
[   11.173598] cloud-init[969]: ci-info: +-------+-------------+----------+---------------+-----------+-------+
[   11.175424] cloud-init[969]: ci-info: +++++++++++++++++++Route IPv6 info+++++++++++++++++++
[   11.177113] cloud-init[969]: ci-info: +-------+-------------+---------+-----------+-------+
[   11.178361] cloud-init[969]: ci-info: | Route | Destination | Gateway | Interface | Flags |
[   11.179866] cloud-init[969]: ci-info: +-------+-------------+---------+-----------+-------+
[   11.181264] cloud-init[969]: ci-info: |   0   |  fe80::/64  |    ::   |   enp0s3  |   U   |
[   11.182762] cloud-init[969]: ci-info: |   3   |   ff00::/8  |    ::   |   enp0s3  |   U   |
[   11.184783] cloud-init[969]: ci-info: +-------+-------------+---------+-----------+-------+
[   11.186560] cloud-init[969]: Generating public/private rsa key pair.
[   11.187958] cloud-init[969]: Your identification has been saved in /etc/ssh/ssh_host_rsa_key.
[   11.189697] cloud-init[969]: Your public key has been saved in /etc/ssh/ssh_host_rsa_key.pub.
[   11.191673] cloud-init[969]: The key fingerprint is:
[   11.193041] cloud-init[969]: SHA256:RzsjZS4bjP9bpNAmQG9zfJh1RQbIOBRpN/XyEZ/y5EU root@ubuntu-xenial
[   11.194399] cloud-init[969]: The key's randomart image is:
[   11.195562] cloud-init[969]: +---[RSA 2048]----+
[   11.197056] cloud-init[969]: |      .  .o=.o+=E|
[   11.198351] cloud-init[969]: |     . . .=+=. ++|
[   11.199587] cloud-init[969]: |      . +.Oo.o.++|
[   11.200910] cloud-init[969]: |       = O o  =oo|
[   11.202240] cloud-init[969]: |      . S O .  o.|
[   11.203573] cloud-init[969]: |       . X =     |
[   11.205220] cloud-init[969]: |        o . .    |
[   11.206946] cloud-init[969]: |         . .     |
[   11.208467] cloud-init[969]: |          o.     |
[   11.210074] cloud-init[969]: +----[SHA256]-----+
[   11.211612] cloud-init[969]: Generating public/private dsa key pair.
[   11.213409] cloud-init[969]: Your identification has been saved in /etc/ssh/ssh_host_dsa_key.
[   11.216095] cloud-init[969]: Your public key has been saved in /etc/ssh/ssh_host_dsa_key.pub.
[   11.218428] cloud-init[969]: The key fingerprint is:
[   11.220097] cloud-init[969]: SHA256:3syoUECN2cRoXDhTNW7BA6Bv00HAL27jLZ/MvHq72Xs root@ubuntu-xenial
[   11.222863] cloud-init[969]: The key's randomart image is:
[   11.224595] cloud-init[969]: +---[DSA 1024]----+
[   11.226020] cloud-init[969]: |   o+#*++        |
[   11.227730] cloud-init[969]: |   o@.+.oo       |
[   11.229295] cloud-init[969]: |  ...+. o.       |
[   11.230955] cloud-init[969]: |   ..o.o         |
[   11.232488] cloud-init[969]: |   .+.o S        |
[   11.233870] cloud-init[969]: |   .+o . =       |
[   11.235352] cloud-init[969]: |   o.o  o +      |
[   11.237043] cloud-init[969]: |    o=o=  E      |
[   11.239478] cloud-init[969]: |    .=%+oo       |
[   11.242349] cloud-init[969]: +----[SHA256]-----+
[   11.245789] cloud-init[969]: Generating public/private ecdsa key pair.
[   11.246133] cloud-init[969]: Your identification has been saved in /etc/ssh/ssh_host_ecdsa_key.
[   11.246820] cloud-init[969]: Your public key has been saved in /etc/ssh/ssh_host_ecdsa_key.pub.
[   11.247324] cloud-init[969]: The key fingerprint is:
[   11.247718] cloud-init[969]: SHA256:JmR+GqrMpeYcJuRxKHjdxz0YdkyEpDKVTDvDi/0/3HA root@ubuntu-xenial
[   11.248144] cloud-init[969]: The key's randomart image is:
[   11.248650] cloud-init[969]: +---[ECDSA 256]---+
[   11.249159] cloud-init[969]: |     ooo.oo      |
[   11.249508] cloud-init[969]: |     ooo.o       |
[[0;32m  OK  [0m] Started Initial cloud-init job (metadata service crawler).
[[0;32m  OK  [0m] Reached target Cloud-config availability.
[[0;32m  OK  [0m] Reached target Network is Online.
[   11.250251] cloud-init[969]: |    o O o o      |
[   11.274397] cloud-init[969]: |. .. X * =       |
[   11.275836] cloud-init[969]: |o+..o B S o      |
[   11.277109] cloud-init[969]: |+.o  . O  ..E    |
[   11.278389] cloud-init[969]: |..o o . .. +     |
         Starting iSCSI initiator daemon (iscsid)...
[[0;32m  OK  [0m] Reached target System Initialization.
[[0;32m  OK  [0m] Listening on UUID daemon activation socket.
[[0;32m  OK  [0m] Listening on D-Bus System Message Bus Socket.
[   11.279767] cloud-init[969]: | *.=     .o .    |
[   11.285437] cloud-init[969]: | oB       ..     |
[   11.292566] cloud-init[969]: +----[SHA256]-----+
[   11.293842] cloud-init[969]: Generating public/private ed25519 key pair.
[   11.294281] cloud-init[969]: Your identification has been saved in /etc/ssh/ssh_host_ed25519_key.
[   11.294529] cloud-init[969]: Your public key has been saved in /etc/ssh/ssh_host_ed25519_key.pub.
         Starting LXD - unix socket.
[   11.295573] cloud-init[969]: The key fingerprint is:
[   11.299759] cloud-init[969]: SHA256:DJjIBMcTCq+l0/5JM4Xp3WtPoMJVtcP/4EawILQBi2U root@ubuntu-xenial
[   11.300732] cloud-init[969]: The key's randomart image is:
[   11.301207] cloud-init[969]: +--[ED25519 256]--+
[   11.302636] cloud-init[969]: |oo+.E.o   .      |
[   11.304527] cloud-init[969]: |.*o= = o o .     |
[   11.304861] cloud-init[969]: |. *.+ + o =      |
[   11.305236] cloud-init[969]: | =   o = . =     |
[   11.305835] cloud-init[969]: |+ . o o S . +    |
[   11.306204] cloud-init[969]: | o o + o . o o   |
[   11.306713] cloud-init[969]: |  . B o . . o .  |
[   11.307094] cloud-init[969]: |   o =  .o .     |
[[0;32m  OK  [0m] Listening on ACPID Listen Socket.
[   11.307737] cloud-init[969]: |    o  ....      |
[[0;32m  OK  [0m[   11.312727] cloud-init[969]: +----[SHA256]-----+
] Started Daily Cleanup of Temporary Directories.
         Starting Socket activation for snappy daemon.
[[0;32m  OK  [0m] Started Daily apt download activities.
[[0;32m  OK  [0m] Started Daily apt upgrade and clean activities.
[[0;32m  OK  [0m] Reached target Timers.
[[0;32m  OK  [0m] Started ACPI Events Check.
[[0;32m  OK  [0m] Reached target Paths.
[[0;32m  OK  [0m] Listening on LXD - unix socket.
[[0;32m  OK  [0m] Listening on Socket activation for snappy daemon.
[[0;32m  OK  [0m] Started iSCSI initiator daemon (iscsid).
         Starting Login to default iSCSI targets...
[[0;32m  OK  [0m] Reached target Sockets.
[[0;32m  OK  [0m] Reached target Basic System.
         Starting Pollinate to seed the pseudo random number generator...
         Starting Accounts Service...
[[0;32m  OK  [0m] Started FUSE filesystem for LXC.
         Starting LSB: Record successful boot for GRUB...
         Starting /etc/rc.local Compatibility...
[[0;32m  OK  [0m] Started ACPI event daemon.
         Starting Snappy daemon...
[[0;32m  OK  [0m] Started D-Bus System Message Bus.
         Starting Login Service...
         Starting LSB: MD monitoring daemon...
         Starting System Logging Service...
         Starting Virtualbox guest utils...
[[0;32m  OK  [0m] Started Regular background program processing daemon.
[[0;32m  OK  [0m] Started Deferred execution scheduler.
         Starting LXD - container startup/shutdown...
[[0;32m  OK  [0m] Started /etc/rc.local Compatibility.
[[0;32m  OK  [0m] Started System Logging Service.
[[0;32m  OK  [0m] Started Login to default iSCSI targets.
[[0;32m  OK  [0m] Started LSB: Record successful boot for GRUB.
[[0;32m  OK  [0m] Started LSB: MD monitoring daemon.
[[0;32m  OK  [0m] Started Login Service.
[[0;32m  OK  [0m] Started Unattended Upgrades Shutdown.
         Starting Authenticate and Authorize Users to Run Privileged Tasks...
[[0;32m  OK  [0m] Reached target Remote File Systems (Pre).
[[0;32m  OK  [0m] Reached target Remote File Systems.
         Starting LSB: Set the CPU Frequency Scaling governor to "ondemand"...
         Starting LSB: daemon to balance interrupts for SMP systems...
         Starting Permit User Sessions...
         Starting LSB: automatic crash report generation...
[[0;32m  OK  [0m] Started Permit User Sessions.
[[0;32m  OK  [0m] Started Authenticate and Authorize Users to Run Privileged Tasks.
[[0;32m  OK  [0m] Started Accounts Service.
         Starting Terminate Plymouth Boot Screen...
         Starting Hold until boot process finishes up...
[[0;32m  OK  [0m] Started LSB: automatic crash report generation.
[[0;32m  OK  [0m] Started LSB: daemon to balance interrupts for SMP systems.
[[0;32m  OK  [0m] Started Hold until boot process finishes up.
[[0;32m  OK  [0m] Started LXD - container startup/shutdown.
[[0;32m  OK  [0m] Started Terminate Plymouth Boot Screen.
[[0;32m  OK  [0m] Started LSB: Set the CPU Frequency Scaling governor to "ondemand".
         Starting Set console scheme...
[[0;32m  OK  [0m] Started Getty on tty1.
[[0;32m  OK  [0m] Started Serial Getty on ttyS0.
[[0;32m  OK  [0m] Reached target Login Prompts.
[[0;32m  OK  [0m] Started Set console scheme.
[[0;32m  OK  [0m] Started Virtualbox guest utils.
[[0;32m  OK  [0m] Started Pollinate to seed the pseudo random number generator.
         Starting OpenBSD Secure Shell server...
[[0;32m  OK  [0m] Started OpenBSD Secure Shell server.
[[0;32m  OK  [0m] Started Snappy daemon.
         Starting Wait until snapd is fully seeded...
[[0;32m  OK  [0m] Created slice User Slice of vagrant.
         Starting User Manager for UID 1000...
[[0;32m  OK  [0m] Started Session 1 of user vagrant.
[[0;32m  OK  [0m] Started User Manager for UID 1000.
[[0;32m  OK  [0m] Started Wait until snapd is fully seeded.
         Starting Apply the settings specified in cloud-config...
[[0;32m  OK  [0m] Reached target Multi-User System.
[[0;32m  OK  [0m] Reached target Graphical Interface.
         Starting Update UTMP about System Runlevel Changes...
[[0;32m  OK  [0m] Started Update UTMP about System Runlevel Changes.
[   14.381897] cloud-init[1389]: Generating locales (this might take a while)...
[   15.730640] cloud-init[1389]:   en_US.UTF-8... done
[   15.733509] cloud-init[1389]: Generation complete.
[   16.222025] cloud-init[1389]: Cloud-init v. 19.1-1-gbaa47854-0ubuntu1~16.04.1 running 'modules:config' at Fri, 02 Aug 2019 11:28:37 +0000. Up 14.17 seconds.
[[0;32m  OK  [0m] Started Apply the settings specified in cloud-config.
         Starting Execute cloud user/final scripts...
         Stopping User Manager for UID 1000...
[[0;32m  OK  [0m] Stopped User Manager for UID 1000.
[[0;32m  OK  [0m] Removed slice User Slice of vagrant.
ci-info: no authorized ssh keys fingerprints found for user ubuntu.
<14>Aug  2 11:28:40 ec2: 
<14>Aug  2 11:28:40 ec2: #############################################################
<14>Aug  2 11:28:40 ec2: -----BEGIN SSH HOST KEY FINGERPRINTS-----
<14>Aug  2 11:28:40 ec2: 1024 SHA256:3syoUECN2cRoXDhTNW7BA6Bv00HAL27jLZ/MvHq72Xs root@ubuntu-xenial (DSA)
<14>Aug  2 11:28:40 ec2: 256 SHA256:JmR+GqrMpeYcJuRxKHjdxz0YdkyEpDKVTDvDi/0/3HA root@ubuntu-xenial (ECDSA)
<14>Aug  2 11:28:40 ec2: 256 SHA256:DJjIBMcTCq+l0/5JM4Xp3WtPoMJVtcP/4EawILQBi2U root@ubuntu-xenial (ED25519)
<14>Aug  2 11:28:40 ec2: 2048 SHA256:RzsjZS4bjP9bpNAmQG9zfJh1RQbIOBRpN/XyEZ/y5EU root@ubuntu-xenial (RSA)
<14>Aug  2 11:28:40 ec2: -----END SSH HOST KEY FINGERPRINTS-----
<14>Aug  2 11:28:40 ec2: #############################################################
-----BEGIN SSH HOST KEY KEYS-----
ecdsa-sha2-nistp256 AAAAE2VjZHNhLXNoYTItbmlzdHAyNTYAAAAIbmlzdHAyNTYAAABBBIuRCy+yBHklzF8jTj5K6MTwy/W413A0cBHMDGKHJxNtmDAamzgALakxYE1x6AL45HUc695YWG/EJA3r[   17.169643] cloud-init[1558]: Cloud-init v. 19.1-1-gbaa47854-0ubuntu1~16.04.1 running 'modules:final' at Fri, 02 Aug 2019 11:28:40 +0000. Up 16.86 seconds.
[   17.188501] cloud-init[1558]: ci-info: no authorized ssh keys fingerprints found for user ubuntu.
[   17.194507] cloud-init
Ubuntu 16.04.6 LTS ubuntu-xenial ttyS0

ubuntu-xenial login: [ 3485.181726] e1000 0000:00:03.0 enp0s3: Detected Tx Unit Hang
[ 3485.181726]   Tx Queue             <0>
[ 3485.181726]   TDH                  <58>
[ 3485.181726]   TDT                  <5a>
[ 3485.181726]   next_to_use          <5a>
[ 3485.181726]   next_to_clean        <58>
[ 3485.181726] buffer_info[next_to_clean]
[ 3485.181726]   time_stamp           <1000c264c>
[ 3485.181726]   next_to_watch        <59>
[ 3485.181726]   jiffies              <1000c27dd>
[ 3485.181726]   next_to_watch.status <0>
[ 3487.184833] e1000 0000:00:03.0 enp0s3: Detected Tx Unit Hang
[ 3487.184833]   Tx Queue             <0>
[ 3487.184833]   TDH                  <58>
[ 3487.184833]   TDT                  <5a>
[ 3487.184833]   next_to_use          <5a>
[ 3487.184833]   next_to_clean        <58>
[ 3487.184833] buffer_info[next_to_clean]
[ 3487.184833]   time_stamp           <1000c264c>
[ 3487.184833]   next_to_watch        <59>
[ 3487.184833]   jiffies              <1000c29d2>
[ 3487.184833]   next_to_watch.status <0>
[ 3489.186716] e1000 0000:00:03.0 enp0s3: Detected Tx Unit Hang
[ 3489.186716]   Tx Queue             <0>
[ 3489.186716]   TDH                  <58>
[ 3489.186716]   TDT                  <5a>
[ 3489.186716]   next_to_use          <5a>
[ 3489.186716]   next_to_clean        <58>
[ 3489.186716] buffer_info[next_to_clean]
[ 3489.186716]   time_stamp           <1000c264c>
[ 3489.186716]   next_to_watch        <59>
[ 3489.186716]   jiffies              <1000c2bc7>
[ 3489.186716]   next_to_watch.status <0>
[ 3491.190075] e1000 0000:00:03.0 enp0s3: Detected Tx Unit Hang
[ 3491.190075]   Tx Queue             <0>
[ 3491.190075]   TDH                  <58>
[ 3491.190075]   TDT                  <5a>
[ 3491.190075]   next_to_use          <5a>
[ 3491.190075]   next_to_clean        <58>
[ 3491.190075] buffer_info[next_to_clean]
[ 3491.190075]   time_stamp           <1000c264c>
[ 3491.190075]   next_to_watch        <59>
[ 3491.190075]   jiffies              <1000c2dbc>
[ 3491.190075]   next_to_watch.status <0>
[ 3493.193303] e1000 0000:00:03.0 enp0s3: Detected Tx Unit Hang
[ 3493.193303]   Tx Queue             <0>
[ 3493.193303]   TDH                  <58>
[ 3493.193303]   TDT                  <5a>
[ 3493.193303]   next_to_use          <5a>
[ 3493.193303]   next_to_clean        <58>
[ 3493.193303] buffer_info[next_to_clean]
[ 3493.193303]   time_stamp           <1000c264c>
[ 3493.193303]   next_to_watch        <59>
[ 3493.193303]   jiffies              <1000c2fb1>
[ 3493.193303]   next_to_watch.status <0>
[ 3493.461333] e1000 0000:00:03.0 enp0s3: Reset adapter
